****************************************
Report : power
        -analysis_effort low
Design : BoothMultiplier
Version: U-2022.12-SP7
Date   : Sun Dec 24 19:01:55 2023
****************************************


Library(s) Used:

    saed90nm_typ_ht (File: /home/user62/Desktop/booth_mutiplier/ref/models/saed90nm_typ_ht.db)


Operating Conditions: TYPICAL   Library: saed90nm_typ_ht
Wire Load Model Mode: enclosed

Design        Wire Load Model            Library
------------------------------------------------
BoothMultiplier        140000            saed90nm_typ_ht
BoothMultiplierHelper_31
                       8000              saed90nm_typ_ht
BoothMultiplierHelper_0
                       8000              saed90nm_typ_ht
BoothMultiplierHelper_1
                       8000              saed90nm_typ_ht
BoothMultiplierHelper_2
                       8000              saed90nm_typ_ht
BoothMultiplierHelper_3
                       8000              saed90nm_typ_ht
BoothMultiplierHelper_4
                       8000              saed90nm_typ_ht
BoothMultiplierHelper_5
                       8000              saed90nm_typ_ht
BoothMultiplierHelper_6
                       8000              saed90nm_typ_ht
BoothMultiplierHelper_7
                       8000              saed90nm_typ_ht
BoothMultiplierHelper_8
                       8000              saed90nm_typ_ht
BoothMultiplierHelper_9
                       8000              saed90nm_typ_ht
BoothMultiplierHelper_10
                       8000              saed90nm_typ_ht
BoothMultiplierHelper_11
                       8000              saed90nm_typ_ht
BoothMultiplierHelper_12
                       8000              saed90nm_typ_ht
BoothMultiplierHelper_13
                       8000              saed90nm_typ_ht
BoothMultiplierHelper_14
                       8000              saed90nm_typ_ht
BoothMultiplierHelper_15
                       8000              saed90nm_typ_ht
BoothMultiplierHelper_16
                       8000              saed90nm_typ_ht
BoothMultiplierHelper_17
                       8000              saed90nm_typ_ht
BoothMultiplierHelper_18
                       8000              saed90nm_typ_ht
BoothMultiplierHelper_19
                       8000              saed90nm_typ_ht
BoothMultiplierHelper_20
                       8000              saed90nm_typ_ht
BoothMultiplierHelper_21
                       8000              saed90nm_typ_ht
BoothMultiplierHelper_22
                       8000              saed90nm_typ_ht
BoothMultiplierHelper_23
                       8000              saed90nm_typ_ht
BoothMultiplierHelper_24
                       8000              saed90nm_typ_ht
BoothMultiplierHelper_25
                       8000              saed90nm_typ_ht
BoothMultiplierHelper_26
                       8000              saed90nm_typ_ht
BoothMultiplierHelper_27
                       8000              saed90nm_typ_ht
BoothMultiplierHelper_28
                       8000              saed90nm_typ_ht
BoothMultiplierHelper_29
                       8000              saed90nm_typ_ht
BoothMultiplierHelper_30
                       8000              saed90nm_typ_ht
BoothMultiplierHelper_0_DW01_sub_0
                       8000              saed90nm_typ_ht
BoothMultiplierHelper_0_DW01_add_0
                       8000              saed90nm_typ_ht
BoothMultiplierHelper_1_DW01_sub_0_DW01_sub_1
                       8000              saed90nm_typ_ht
BoothMultiplierHelper_1_DW01_add_0_DW01_add_1
                       8000              saed90nm_typ_ht
BoothMultiplierHelper_2_DW01_sub_0_DW01_sub_2
                       8000              saed90nm_typ_ht
BoothMultiplierHelper_2_DW01_add_0_DW01_add_2
                       8000              saed90nm_typ_ht
BoothMultiplierHelper_3_DW01_sub_0_DW01_sub_3
                       8000              saed90nm_typ_ht
BoothMultiplierHelper_3_DW01_add_0_DW01_add_3
                       8000              saed90nm_typ_ht
BoothMultiplierHelper_4_DW01_sub_0_DW01_sub_4
                       8000              saed90nm_typ_ht
BoothMultiplierHelper_4_DW01_add_0_DW01_add_4
                       8000              saed90nm_typ_ht
BoothMultiplierHelper_5_DW01_sub_0_DW01_sub_5
                       8000              saed90nm_typ_ht
BoothMultiplierHelper_5_DW01_add_0_DW01_add_5
                       8000              saed90nm_typ_ht
BoothMultiplierHelper_6_DW01_sub_0_DW01_sub_6
                       8000              saed90nm_typ_ht
BoothMultiplierHelper_6_DW01_add_0_DW01_add_6
                       8000              saed90nm_typ_ht
BoothMultiplierHelper_7_DW01_sub_0_DW01_sub_7
                       8000              saed90nm_typ_ht
BoothMultiplierHelper_7_DW01_add_0_DW01_add_7
                       8000              saed90nm_typ_ht
BoothMultiplierHelper_8_DW01_sub_0_DW01_sub_8
                       8000              saed90nm_typ_ht
BoothMultiplierHelper_8_DW01_add_0_DW01_add_8
                       8000              saed90nm_typ_ht
BoothMultiplierHelper_9_DW01_sub_0_DW01_sub_9
                       8000              saed90nm_typ_ht
BoothMultiplierHelper_9_DW01_add_0_DW01_add_9
                       8000              saed90nm_typ_ht
BoothMultiplierHelper_10_DW01_sub_0_DW01_sub_10
                       8000              saed90nm_typ_ht
BoothMultiplierHelper_10_DW01_add_0_DW01_add_10
                       8000              saed90nm_typ_ht
BoothMultiplierHelper_11_DW01_sub_0_DW01_sub_11
                       8000              saed90nm_typ_ht
BoothMultiplierHelper_11_DW01_add_0_DW01_add_11
                       8000              saed90nm_typ_ht
BoothMultiplierHelper_12_DW01_sub_0_DW01_sub_12
                       8000              saed90nm_typ_ht
BoothMultiplierHelper_12_DW01_add_0_DW01_add_12
                       8000              saed90nm_typ_ht
BoothMultiplierHelper_13_DW01_sub_0_DW01_sub_13
                       8000              saed90nm_typ_ht
BoothMultiplierHelper_13_DW01_add_0_DW01_add_13
                       8000              saed90nm_typ_ht
BoothMultiplierHelper_14_DW01_sub_0_DW01_sub_14
                       8000              saed90nm_typ_ht
BoothMultiplierHelper_14_DW01_add_0_DW01_add_14
                       8000              saed90nm_typ_ht
BoothMultiplierHelper_15_DW01_sub_0_DW01_sub_15
                       8000              saed90nm_typ_ht
BoothMultiplierHelper_15_DW01_add_0_DW01_add_15
                       8000              saed90nm_typ_ht
BoothMultiplierHelper_16_DW01_sub_0_DW01_sub_16
                       8000              saed90nm_typ_ht
BoothMultiplierHelper_16_DW01_add_0_DW01_add_16
                       8000              saed90nm_typ_ht
BoothMultiplierHelper_17_DW01_sub_0_DW01_sub_17
                       8000              saed90nm_typ_ht
BoothMultiplierHelper_17_DW01_add_0_DW01_add_17
                       8000              saed90nm_typ_ht
BoothMultiplierHelper_18_DW01_sub_0_DW01_sub_18
                       8000              saed90nm_typ_ht
BoothMultiplierHelper_18_DW01_add_0_DW01_add_18
                       8000              saed90nm_typ_ht
BoothMultiplierHelper_19_DW01_sub_0_DW01_sub_19
                       8000              saed90nm_typ_ht
BoothMultiplierHelper_19_DW01_add_0_DW01_add_19
                       8000              saed90nm_typ_ht
BoothMultiplierHelper_20_DW01_sub_0_DW01_sub_20
                       8000              saed90nm_typ_ht
BoothMultiplierHelper_20_DW01_add_0_DW01_add_20
                       8000              saed90nm_typ_ht
BoothMultiplierHelper_21_DW01_sub_0_DW01_sub_21
                       8000              saed90nm_typ_ht
BoothMultiplierHelper_21_DW01_add_0_DW01_add_21
                       8000              saed90nm_typ_ht
BoothMultiplierHelper_22_DW01_sub_0_DW01_sub_22
                       8000              saed90nm_typ_ht
BoothMultiplierHelper_22_DW01_add_0_DW01_add_22
                       8000              saed90nm_typ_ht
BoothMultiplierHelper_23_DW01_sub_0_DW01_sub_23
                       8000              saed90nm_typ_ht
BoothMultiplierHelper_23_DW01_add_0_DW01_add_23
                       8000              saed90nm_typ_ht
BoothMultiplierHelper_24_DW01_sub_0_DW01_sub_24
                       8000              saed90nm_typ_ht
BoothMultiplierHelper_24_DW01_add_0_DW01_add_24
                       8000              saed90nm_typ_ht
BoothMultiplierHelper_25_DW01_sub_0_DW01_sub_25
                       8000              saed90nm_typ_ht
BoothMultiplierHelper_25_DW01_add_0_DW01_add_25
                       8000              saed90nm_typ_ht
BoothMultiplierHelper_26_DW01_sub_0_DW01_sub_26
                       8000              saed90nm_typ_ht
BoothMultiplierHelper_26_DW01_add_0_DW01_add_26
                       8000              saed90nm_typ_ht
BoothMultiplierHelper_27_DW01_sub_0_DW01_sub_27
                       8000              saed90nm_typ_ht
BoothMultiplierHelper_27_DW01_add_0_DW01_add_27
                       8000              saed90nm_typ_ht
BoothMultiplierHelper_28_DW01_sub_0_DW01_sub_28
                       8000              saed90nm_typ_ht
BoothMultiplierHelper_28_DW01_add_0_DW01_add_28
                       8000              saed90nm_typ_ht
BoothMultiplierHelper_29_DW01_sub_0_DW01_sub_29
                       8000              saed90nm_typ_ht
BoothMultiplierHelper_29_DW01_add_0_DW01_add_29
                       8000              saed90nm_typ_ht
BoothMultiplierHelper_30_DW01_sub_0_DW01_sub_30
                       8000              saed90nm_typ_ht
BoothMultiplierHelper_30_DW01_add_0_DW01_add_30
                       8000              saed90nm_typ_ht
BoothMultiplierHelper_31_DW01_sub_0_DW01_sub_31
                       8000              saed90nm_typ_ht
BoothMultiplierHelper_31_DW01_add_0_DW01_add_31
                       8000              saed90nm_typ_ht


Global Operating Voltage = 1.2  
Power-specific unit information :
    Voltage Units = 1V
    Capacitance Units = 1.000000ff
    Time Units = 1ns
    Dynamic Power Units = 1uW    (derived from V,C,T units)
    Leakage Power Units = 1pW


Attributes
----------
i - Including register clock pin internal power


  Cell Internal Power  =   2.7181 mW   (71%)
  Net Switching Power  =   1.0958 mW   (29%)
                         ---------
Total Dynamic Power    =   3.8139 mW  (100%)

Cell Leakage Power     =   1.2306 mW

Information: report_power power group summary does not include estimated clock tree power. (PWR-789)

                 Internal         Switching           Leakage            Total
Power Group      Power            Power               Power              Power   (   %    )  Attrs
--------------------------------------------------------------------------------------------------
io_pad             0.0000            0.0000            0.0000            0.0000  (   0.00%)
memory             0.0000            0.0000            0.0000            0.0000  (   0.00%)
black_box          0.0000            0.0000            0.0000            0.0000  (   0.00%)
clock_network      0.0000            0.0000            0.0000            0.0000  (   0.00%)  i
register           0.0000            0.0000            0.0000            0.0000  (   0.00%)
sequential        14.5413           65.9086        5.1837e+07          132.2873  (   2.62%)
combinational  2.7035e+03        1.0299e+03        1.1788e+09        4.9122e+03  (  97.38%)
--------------------------------------------------------------------------------------------------
Total          2.7181e+03 uW     1.0958e+03 uW     1.2306e+09 pW     5.0445e+03 uW
1
