====================================================================================================
| Flow Information                                                                                 |
----------------------------------------------------------------------------------------------------
| Flow         | Design Compiler                                                                   |
====================================================================================================
| Design Information                                      | Value                                  |
====================================================================================================
| Number of Scenarios                                     | 0                                      |
| Leaf Cell Count                                         | 12                                     |
| Number of User Hierarchies                              | 0                                      |
| Sequential Cell Count                                   | 0                                      |
| Macro Count                                             | 0                                      |
| Number of Power Domains                                 | 0                                      |
| Number of Path Groups                                   | 1                                      |
| Number of VT Class                                      | 1                                      |
| Number of Clocks                                        | 0                                      |
| Number of Dont Touch Cells                              | 4                                      |
| Number of Dont Touch Nets                               | 0                                      |
| Number of Size Only Cells                               | 0                                      |
| Design with UPF Data                                    | false                                  |
====================================================================================================

Information: There are 32 potential problems in your design. Please run 'check_design' for more information. (LINT-99)



  Beginning Pass 1 Mapping
  ------------------------
  Processing 'BoothMultiplierHelper'

  Updating timing information
Information: Updating design information... (UID-85)
Information: Design 'BoothMultiplierHelper' has no optimization constraints set. (OPT-108)

  Beginning Implementation Selection
  ----------------------------------
  Processing 'BoothMultiplierHelper_DW01_sub_0'
  Processing 'BoothMultiplierHelper_DW01_add_0'
Information: Command 'do_operand_isolation' is obsolete and is being ignored.  Please refer to the replacement command 'set power_enable_datapath_gating true' instead. (INFO-118)

  Beginning Mapping Optimizations  (Medium effort)
  -------------------------------
  Structuring 'BoothMultiplierHelper'
  Mapping 'BoothMultiplierHelper'
Information: Command 'do_operand_isolation' is obsolete and is being ignored.  Please refer to the replacement command 'set power_enable_datapath_gating true' instead. (INFO-118)

                                  TOTAL                                      
   ELAPSED            WORST NEG   SETUP    DESIGN                            
    TIME      AREA      SLACK     COST    RULE COST         ENDPOINT         
  --------- --------- --------- --------- --------- -------------------------
    0:00:01    2600.8      0.00       0.0      10.7                          
    0:00:01    2600.8      0.00       0.0      10.7                          
    0:00:01    2600.8      0.00       0.0      10.7                          
    0:00:01    2600.8      0.00       0.0      10.7                          
    0:00:01    2600.8      0.00       0.0      10.7                          
    0:00:01    2542.7      0.00       0.0      10.7                          
    0:00:01    2542.7      0.00       0.0      10.7                          
    0:00:01    2542.7      0.00       0.0      10.7                          
    0:00:01    2542.7      0.00       0.0      10.7                          
    0:00:01    2542.7      0.00       0.0      10.7                          
    0:00:01    2544.5      0.00       0.0       0.0                          
    0:00:01    2544.5      0.00       0.0       0.0                          
    0:00:01    2544.5      0.00       0.0       0.0                          
    0:00:01    2544.5      0.00       0.0       0.0                          



  Beginning Delay Optimization Phase
  ----------------------------------

                                  TOTAL                                      
   ELAPSED            WORST NEG   SETUP    DESIGN                            
    TIME      AREA      SLACK     COST    RULE COST         ENDPOINT         
  --------- --------- --------- --------- --------- -------------------------
    0:00:01    2544.5      0.00       0.0       0.0                          
    0:00:01    2544.5      0.00       0.0       0.0                          
    0:00:01    2544.5      0.00       0.0       0.0                          


  Beginning Area-Recovery Phase  (cleanup)
  -----------------------------

                                  TOTAL                                      
   ELAPSED            WORST NEG   SETUP    DESIGN                            
    TIME      AREA      SLACK     COST    RULE COST         ENDPOINT         
  --------- --------- --------- --------- --------- -------------------------
    0:00:01    2544.5      0.00       0.0       0.0                          
    0:00:01    2544.5      0.00       0.0       0.0                          
    0:00:01    2539.0      0.00       0.0       0.0                          
    0:00:01    2539.0      0.00       0.0       0.0                          
    0:00:01    2539.0      0.00       0.0       0.0                          
    0:00:01    2539.0      0.00       0.0       0.0                          
    0:00:01    2539.0      0.00       0.0       0.0                          
    0:00:01    2539.0      0.00       0.0       0.0                          
    0:00:01    2539.0      0.00       0.0       0.0                          
    0:00:01    2539.0      0.00       0.0       0.0                          
    0:00:01    2539.0      0.00       0.0       0.0                          
    0:00:01    2539.0      0.00       0.0       0.0                          
Loading db file '/home/user62/Desktop/booth_mutiplier/ref/models/saed90nm_typ_ht.db'


Note: Symbol # after min delay cost means estimated hold TNS across all active scenarios 


  Optimization Complete
  ---------------------
Information: Total number of MV cells in the design.
----------------------------------------------------------------------------------------------------
 MV Cells                                           Total Number                                   
----------------------------------------------------------------------------------------------------
 Level Shifter:                                     0                                             
 Enable Level Shifter:                              0                                             
 Isolation Cell:                                    0                                             
 Retention Cell:                                    0                                             
 Retention Clamp Cell:                              0                                             
 Switch Cell:                                       0                                             
 Always-On Cell:                                    0                                             
 Repeater Cell:                                     0                                             

----------------------------------------------------------------------------------------------------
Unmapped MV Cells 
----------------------------------------------------------------------------------------------------
0 Isolation Cells are unmapped 
0 Retention Clamp Cells are unmapped 
----------------------------------------------------------------------------------------------------
1
